# JRE version: OpenJDK Runtime Environment Temurin-17.0.17+10 (17.0.17+10) (build 17.0.17+10)
# Java VM: OpenJDK 64-Bit Server VM Temurin-17.0.17+10 (17.0.17+10, mixed mode, sharing, tiered, compressed oops, compressed class ptrs, g1 gc, windows-amd64)
GC Precious Log:
 CPUs: 16 total, 16 available
 Memory: 16013M
 Large Page Support: Disabled
 NUMA Support: Disabled
 Compressed Oops: Enabled (Zero based)
 Heap Region Size: 2M
 Heap Min Capacity: 8M
 Heap Initial Capacity: 252M
 Heap Max Capacity: 4G
 Pre-touch: Disabled
 Parallel Workers: 13
 Concurrent Workers: 3
 Concurrent Refinement Workers: 13
 Periodic GC: Disabled
Heap:
 garbage-first heap   total 253952K, used 141909K [0x0000000700000000, 0x0000000800000000)
  region size 2048K, 11 young (22528K), 3 survivors (6144K)
 Metaspace       used 98655K, committed 99840K, reserved 983040K
  class space    used 13590K, committed 14144K, reserved 851968K
GC Heap History (20 events):
Event: 21.081 GC heap before
{Heap before GC invocations=34 (full 0):
 garbage-first heap   total 151552K, used 111672K [0x0000000700000000, 0x0000000800000000)
  region size 2048K, 17 young (34816K), 2 survivors (4096K)
 Metaspace       used 85251K, committed 86272K, reserved 983040K
  class space    used 12012K, committed 12480K, reserved 851968K
}
Event: 21.085 GC heap after
{Heap after GC invocations=35 (full 0):
 garbage-first heap   total 151552K, used 86844K [0x0000000700000000, 0x0000000800000000)
  region size 2048K, 3 young (6144K), 3 survivors (6144K)
 Metaspace       used 85251K, committed 86272K, reserved 983040K
  class space    used 12012K, committed 12480K, reserved 851968K
}
Event: 21.115 GC heap before
{Heap before GC invocations=35 (full 0):
 garbage-first heap   total 151552K, used 88892K [0x0000000700000000, 0x0000000800000000)
  region size 2048K, 4 young (8192K), 3 survivors (6144K)
 Metaspace       used 85314K, committed 86336K, reserved 983040K
  class space    used 12018K, committed 12480K, reserved 851968K
}
Event: 21.120 GC heap after
{Heap after GC invocations=36 (full 0):
 garbage-first heap   total 151552K, used 86348K [0x0000000700000000, 0x0000000800000000)
  region size 2048K, 1 young (2048K), 1 survivors (2048K)
 Metaspace       used 85314K, committed 86336K, reserved 983040K
  class space    used 12018K, committed 12480K, reserved 851968K
}
Event: 21.460 GC heap before
{Heap before GC invocations=36 (full 0):
 garbage-first heap   total 151552K, used 121164K [0x0000000700000000, 0x0000000800000000)
  region size 2048K, 18 young (36864K), 1 survivors (2048K)
 Metaspace       used 86487K, committed 87488K, reserved 983040K
  class space    used 12163K, committed 12608K, reserved 851968K
}
Event: 21.463 GC heap after
{Heap after GC invocations=37 (full 0):
 garbage-first heap   total 151552K, used 89769K [0x0000000700000000, 0x0000000800000000)
  region size 2048K, 3 young (6144K), 3 survivors (6144K)
 Metaspace       used 86487K, committed 87488K, reserved 983040K
  class space    used 12163K, committed 12608K, reserved 851968K
}
Event: 21.910 GC heap before
{Heap before GC invocations=38 (full 0):
 garbage-first heap   total 163840K, used 122537K [0x0000000700000000, 0x0000000800000000)
  region size 2048K, 19 young (38912K), 3 survivors (6144K)
 Metaspace       used 87503K, committed 88512K, reserved 983040K
  class space    used 12293K, committed 12736K, reserved 851968K
}
Event: 21.914 GC heap after
{Heap after GC invocations=39 (full 0):
 garbage-first heap   total 163840K, used 92141K [0x0000000700000000, 0x0000000800000000)
  region size 2048K, 3 young (6144K), 3 survivors (6144K)
 Metaspace       used 87503K, committed 88512K, reserved 983040K
  class space    used 12293K, committed 12736K, reserved 851968K
}
Event: 22.459 GC heap before
{Heap before GC invocations=39 (full 0):
 garbage-first heap   total 163840K, used 94189K [0x0000000700000000, 0x0000000800000000)
  region size 2048K, 4 young (8192K), 3 survivors (6144K)
 Metaspace       used 87668K, committed 88704K, reserved 983040K
  class space    used 12317K, committed 12800K, reserved 851968K
}
Event: 22.462 GC heap after
{Heap after GC invocations=40 (full 0):
 garbage-first heap   total 253952K, used 89310K [0x0000000700000000, 0x0000000800000000)
  region size 2048K, 1 young (2048K), 1 survivors (2048K)
 Metaspace       used 87668K, committed 88704K, reserved 983040K
  class space    used 12317K, committed 12800K, reserved 851968K
}
Event: 23.955 GC heap before
{Heap before GC invocations=40 (full 0):
 garbage-first heap   total 253952K, used 197854K [0x0000000700000000, 0x0000000800000000)
  region size 2048K, 54 young (110592K), 1 survivors (2048K)
 Metaspace       used 88974K, committed 90112K, reserved 983040K
  class space    used 12451K, committed 12992K, reserved 851968K
}
Event: 23.958 GC heap after
{Heap after GC invocations=41 (full 0):
 garbage-first heap   total 253952K, used 97004K [0x0000000700000000, 0x0000000800000000)
  region size 2048K, 4 young (8192K), 4 survivors (8192K)
 Metaspace       used 88974K, committed 90112K, reserved 983040K
  class space    used 12451K, committed 12992K, reserved 851968K
}
Event: 26.073 GC heap before
{Heap before GC invocations=41 (full 0):
 garbage-first heap   total 253952K, used 197356K [0x0000000700000000, 0x0000000800000000)
  region size 2048K, 53 young (108544K), 4 survivors (8192K)
 Metaspace       used 89634K, committed 90752K, reserved 983040K
  class space    used 12510K, committed 12992K, reserved 851968K
}
Event: 26.079 GC heap after
{Heap after GC invocations=42 (full 0):
 garbage-first heap   total 253952K, used 105151K [0x0000000700000000, 0x0000000800000000)
  region size 2048K, 6 young (12288K), 6 survivors (12288K)
 Metaspace       used 89634K, committed 90752K, reserved 983040K
  class space    used 12510K, committed 12992K, reserved 851968K
}
Event: 26.271 GC heap before
{Heap before GC invocations=42 (full 0):
 garbage-first heap   total 253952K, used 197311K [0x0000000700000000, 0x0000000800000000)
  region size 2048K, 52 young (106496K), 6 survivors (12288K)
 Metaspace       used 89638K, committed 90752K, reserved 983040K
  class space    used 12511K, committed 12992K, reserved 851968K
}
Event: 26.276 GC heap after
{Heap after GC invocations=43 (full 0):
 garbage-first heap   total 253952K, used 107489K [0x0000000700000000, 0x0000000800000000)
  region size 2048K, 3 young (6144K), 3 survivors (6144K)
 Metaspace       used 89638K, committed 90752K, reserved 983040K
  class space    used 12511K, committed 12992K, reserved 851968K
}
Event: 27.433 GC heap before
{Heap before GC invocations=43 (full 0):
 garbage-first heap   total 253952K, used 199649K [0x0000000700000000, 0x0000000800000000)
  region size 2048K, 49 young (100352K), 3 survivors (6144K)
 Metaspace       used 92769K, committed 93952K, reserved 983040K
  class space    used 12887K, committed 13440K, reserved 851968K
}
Event: 27.443 GC heap after
{Heap after GC invocations=44 (full 0):
 garbage-first heap   total 253952K, used 121527K [0x0000000700000000, 0x0000000800000000)
  region size 2048K, 7 young (14336K), 7 survivors (14336K)
 Metaspace       used 92769K, committed 93952K, reserved 983040K
  class space    used 12887K, committed 13440K, reserved 851968K
}
Event: 29.373 GC heap before
{Heap before GC invocations=44 (full 0):
 garbage-first heap   total 253952K, used 195255K [0x0000000700000000, 0x0000000800000000)
  region size 2048K, 44 young (90112K), 7 survivors (14336K)
 Metaspace       used 97617K, committed 98816K, reserved 983040K
  class space    used 13468K, committed 14016K, reserved 851968K
}
Event: 29.378 GC heap after
{Heap after GC invocations=45 (full 0):
 garbage-first heap   total 253952K, used 127573K [0x0000000700000000, 0x0000000800000000)
  region size 2048K, 3 young (6144K), 3 survivors (6144K)
 Metaspace       used 97617K, committed 98816K, reserved 983040K
  class space    used 13468K, committed 14016K, reserved 851968K
}

